Processing Bitcoin (BTC) as CoinGecko id 'bitcoin'...
Failed to fetch data for bitcoin
Not enough data for Bitcoin
Processing Ethereum (ETH) as CoinGecko id 'ethereum'...
Failed to fetch data for ethereum
Not enough data for Ethereum
Processing XRP (XRP) as CoinGecko id 'ripple'...
Failed to fetch data for ripple
Not enough data for XRP
No CoinGecko id found for Tether USDt (USDT)
Processing BNB (BNB) as CoinGecko id 'binancecoin'...
Failed to fetch data for binancecoin
Not enough data for BNB
Processing Solana (SOL) as CoinGecko id 'solana'...
Failed to fetch data for solana
Not enough data for Solana
Processing USDC (USDC) as CoinGecko id 'usd-coin'...
Failed to fetch data for usd-coin
Not enough data for USDC
Processing Dogecoin (DOGE) as CoinGecko id 'dogecoin'...
Failed to fetch data for dogecoin
Not enough data for Dogecoin
Processing TRON (TRX) as CoinGecko id 'tron'...
Failed to fetch data for tron
Not enough data for TRON
Processing Cardano (ADA) as CoinGecko id 'cardano'...
Failed to fetch data for cardano
Not enough data for Cardano
Processing Hyperliquid (HYPE) as CoinGecko id 'hyperliquid'...
Failed to fetch data for hyperliquid
Not enough data for Hyperliquid
Processing Sui (SUI) as CoinGecko id 'sui'...
Failed to fetch data for sui
Not enough data for Sui
Processing Stellar (XLM) as CoinGecko id 'stellar'...
Failed to fetch data for stellar
Not enough data for Stellar
Processing Chainlink (LINK) as CoinGecko id 'chainlink'...
Failed to fetch data for chainlink
Not enough data for Chainlink
Processing Hedera (HBAR) as CoinGecko id 'hedera-hashgraph'...
Failed to fetch data for hedera-hashgraph
Not enough data for Hedera
Processing Bitcoin Cash (BCH) as CoinGecko id 'bitcoin-cash'...
Failed to fetch data for bitcoin-cash
Not enough data for Bitcoin Cash
Processing Avalanche (AVAX) as CoinGecko id 'avalanche-2'...
Failed to fetch data for avalanche-2
Not enough data for Avalanche
Processing Litecoin (LTC) as CoinGecko id 'litecoin'...
Failed to fetch data for litecoin
Not enough data for Litecoin
No CoinGecko id found for UNUS SED LEO (LEO)
Processing Toncoin (TON) as CoinGecko id 'the-open-network'...
Failed to fetch data for the-open-network
Not enough data for Toncoin
Processing Shiba Inu (SHIB) as CoinGecko id 'shiba-inu'...
Failed to fetch data for shiba-inu
Not enough data for Shiba Inu
Processing Ethena USDe (USDe) as CoinGecko id 'ethena-usde'...
Failed to fetch data for ethena-usde
Not enough data for Ethena USDe
Processing Uniswap (UNI) as CoinGecko id 'uniswap'...
Failed to fetch data for uniswap
Not enough data for Uniswap
Processing Polkadot (DOT) as CoinGecko id 'polkadot'...
Failed to fetch data for polkadot
Not enough data for Polkadot
Processing Monero (XMR) as CoinGecko id 'monero'...
Failed to fetch data for monero
Not enough data for Monero
Processing Bitget Token (BGB) as CoinGecko id 'bitget-token'...
Failed to fetch data for bitget-token
Not enough data for Bitget Token
Processing Dai (DAI) as CoinGecko id 'dai'...
Failed to fetch data for dai
Not enough data for Dai
Processing Pepe (PEPE) as CoinGecko id 'pepe'...
Failed to fetch data for pepe
Not enough data for Pepe
Processing Cronos (CRO) as CoinGecko id 'crypto-com-chain'...
Failed to fetch data for crypto-com-chain
Not enough data for Cronos
Processing Aave (AAVE) as CoinGecko id 'aave'...
Failed to fetch data for aave
Not enough data for Aave
Processing Ethena (ENA) as CoinGecko id 'ethena'...
Failed to fetch data for ethena
Not enough data for Ethena
Processing Bittensor (TAO) as CoinGecko id 'bittensor'...
Failed to fetch data for bittensor
Not enough data for Bittensor
Processing NEAR Protocol (NEAR) as CoinGecko id 'near'...
Failed to fetch data for near
Not enough data for NEAR Protocol
No CoinGecko id found for Pi (PI)
Processing Ethereum Classic (ETC) as CoinGecko id 'ethereum-classic'...
Failed to fetch data for ethereum-classic
Not enough data for Ethereum Classic
Processing Ondo (ONDO) as CoinGecko id 'ondo-finance'...
Failed to fetch data for ondo-finance
Not enough data for Ondo
Processing Internet Computer (ICP) as CoinGecko id 'internet-computer'...
Failed to fetch data for internet-computer
Not enough data for Internet Computer
Processing Aptos (APT) as CoinGecko id 'aptos'...
Failed to fetch data for aptos
Not enough data for Aptos
Processing OKB (OKB) as CoinGecko id 'okb'...
Failed to fetch data for okb
Not enough data for OKB
Processing Bonk (BONK) as CoinGecko id 'bonk'...
Failed to fetch data for bonk
Not enough data for Bonk
Processing Mantle (MNT) as CoinGecko id 'mantle'...
Failed to fetch data for mantle
Not enough data for Mantle
Processing Kaspa (KAS) as CoinGecko id 'kaspa'...
Failed to fetch data for kaspa
Not enough data for Kaspa
Processing Pudgy Penguins (PENGU) as CoinGecko id 'pudgy-penguins'...
Failed to fetch data for pudgy-penguins
Not enough data for Pudgy Penguins
No CoinGecko id found for POL (prev. MATIC) (POL)
Processing Algorand (ALGO) as CoinGecko id 'algorand'...
Failed to fetch data for algorand
Not enough data for Algorand
Processing Arbitrum (ARB) as CoinGecko id 'arbitrum'...
Failed to fetch data for arbitrum
Not enough data for Arbitrum
Processing GateToken (GT) as CoinGecko id 'gatechain-token'...
Failed to fetch data for gatechain-token
Not enough data for GateToken
No CoinGecko id found for World Liberty Financial USD (USD1)
Processing Render (RENDER) as CoinGecko id 'render-token'...
Failed to fetch data for render-token
Not enough data for Render
Processing VeChain (VET) as CoinGecko id 'vechain'...
Failed to fetch data for vechain
Not enough data for VeChain
Processing Worldcoin (WLD) as CoinGecko id 'worldcoin-wld'...
Failed to fetch data for worldcoin-wld
Not enough data for Worldcoin
Processing SPX6900 (SPX) as CoinGecko id 'spx6900'...
Failed to fetch data for spx6900
Not enough data for SPX6900
Processing OFFICIAL TRUMP (TRUMP) as CoinGecko id 'official-trump'...
Failed to fetch data for official-trump
Not enough data for OFFICIAL TRUMP
Processing Sky (SKY) as CoinGecko id 'sky'...
Failed to fetch data for sky
Not enough data for Sky
Processing Sei (SEI) as CoinGecko id 'sei-network'...
Failed to fetch data for sei-network
Not enough data for Sei
Processing Cosmos (ATOM) as CoinGecko id 'cosmos'...
Failed to fetch data for cosmos
Not enough data for Cosmos
Processing Filecoin (FIL) as CoinGecko id 'filecoin'...
Failed to fetch data for filecoin
Not enough data for Filecoin
Processing Jupiter (JUP) as CoinGecko id 'jupiter-exchange-solana'...
Failed to fetch data for jupiter-exchange-solana
Not enough data for Jupiter
Processing Artificial Superintelligence Alliance (FET) as CoinGecko id 'fetch-ai'...
Failed to fetch data for fetch-ai
Not enough data for Artificial Superintelligence Alliance
Processing Flare (FLR) as CoinGecko id 'flare-networks'...
Failed to fetch data for flare-networks
Not enough data for Flare
Processing Story (IP) as CoinGecko id 'story-2'...
Failed to fetch data for story-2
Not enough data for Story
Processing Injective (INJ) as CoinGecko id 'injective-protocol'...
Failed to fetch data for injective-protocol
Not enough data for Injective
Processing Quant (QNT) as CoinGecko id 'quant-network'...
Failed to fetch data for quant-network
Not enough data for Quant
Processing XDC Network (XDC) as CoinGecko id 'xdce-crowd-sale'...
Failed to fetch data for xdce-crowd-sale
Not enough data for XDC Network
Processing KuCoin Token (KCS) as CoinGecko id 'kucoin-shares'...
Failed to fetch data for kucoin-shares
Not enough data for KuCoin Token
Processing First Digital USD (FDUSD) as CoinGecko id 'first-digital-usd'...
Failed to fetch data for first-digital-usd
Not enough data for First Digital USD
Processing Celestia (TIA) as CoinGecko id 'celestia'...
Failed to fetch data for celestia
Not enough data for Celestia
Processing Optimism (OP) as CoinGecko id 'optimism'...
Failed to fetch data for optimism
Not enough data for Optimism
No CoinGecko id found for Curve DAO Token (CRV)
Processing Fartcoin (FARTCOIN) as CoinGecko id 'fartcoin'...
Failed to fetch data for fartcoin
Not enough data for Fartcoin
Processing Stacks (STX) as CoinGecko id 'blockstack'...
Failed to fetch data for blockstack
Not enough data for Stacks
Processing Four (FORM) as CoinGecko id 'four'...
Failed to fetch data for four
Not enough data for Four
Processing FLOKI (FLOKI) as CoinGecko id 'floki'...
Failed to fetch data for floki
Not enough data for FLOKI
Processing Immutable (IMX) as CoinGecko id 'immutable-x'...
Failed to fetch data for immutable-x
Not enough data for Immutable
Processing dogwifhat (WIF) as CoinGecko id 'dogwifcoin'...
Failed to fetch data for dogwifcoin
Not enough data for dogwifhat
Processing Ethereum Name Service (ENS) as CoinGecko id 'ethereum-name-service'...
Failed to fetch data for ethereum-name-service
Not enough data for Ethereum Name Service
Processing The Graph (GRT) as CoinGecko id 'the-graph'...
Failed to fetch data for the-graph
Not enough data for The Graph
Processing PancakeSwap (CAKE) as CoinGecko id 'pancakeswap-token'...
Failed to fetch data for pancakeswap-token
Not enough data for PancakeSwap
Processing Kaia (KAIA) as CoinGecko id 'kaia'...
Failed to fetch data for kaia
Not enough data for Kaia
Processing Virtuals Protocol (VIRTUAL) as CoinGecko id 'virtual-protocol'...
Failed to fetch data for virtual-protocol
Not enough data for Virtuals Protocol
Processing Lido DAO (LDO) as CoinGecko id 'lido-dao'...
Failed to fetch data for lido-dao
Not enough data for Lido DAO
Processing Pump.fun (PUMP) as CoinGecko id 'pump-fun'...
Failed to fetch data for pump-fun
Not enough data for Pump.fun
Processing Sonic (S) as CoinGecko id 'sonic-3'...
Failed to fetch data for sonic-3
Not enough data for Sonic
Processing Conflux (CFX) as CoinGecko id 'conflux-token'...
Failed to fetch data for conflux-token
Not enough data for Conflux
Processing PAX Gold (PAXG) as CoinGecko id 'pax-gold'...
Failed to fetch data for pax-gold
Not enough data for PAX Gold
Processing Tezos (XTZ) as CoinGecko id 'tezos'...
Failed to fetch data for tezos
Not enough data for Tezos
Processing PayPal USD (PYUSD) as CoinGecko id 'paypal-usd'...
Failed to fetch data for paypal-usd
Not enough data for PayPal USD
Processing Theta Network (THETA) as CoinGecko id 'theta-token'...
Failed to fetch data for theta-token
Not enough data for Theta Network
Processing Vaulta (A) as CoinGecko id 'vaulta'...
Failed to fetch data for vaulta
Not enough data for Vaulta
Processing Raydium (RAY) as CoinGecko id 'raydium'...
Failed to fetch data for raydium
Not enough data for Raydium
Processing Nexo (NEXO) as CoinGecko id 'nexo'...
Failed to fetch data for nexo
Not enough data for Nexo
Processing JasmyCoin (JASMY) as CoinGecko id 'jasmycoin'...
Failed to fetch data for jasmycoin
Not enough data for JasmyCoin
Processing IOTA (IOTA) as CoinGecko id 'iota'...
Failed to fetch data for iota
Not enough data for IOTA
Processing Tether Gold (XAUt) as CoinGecko id 'tether-gold'...
Failed to fetch data for tether-gold
Not enough data for Tether Gold
Processing Gala (GALA) as CoinGecko id 'gala'...
Failed to fetch data for gala
Not enough data for Gala
Processing The Sandbox (SAND) as CoinGecko id 'the-sandbox'...
Failed to fetch data for the-sandbox
Not enough data for The Sandbox
Processing Pyth Network (PYTH) as CoinGecko id 'pyth-network'...
Failed to fetch data for pyth-network
Not enough data for Pyth Network
Processing Aerodrome Finance (AERO) as CoinGecko id 'aerodrome-finance'...
Failed to fetch data for aerodrome-finance
Not enough data for Aerodrome Finance
Processing Pendle (PENDLE) as CoinGecko id 'pendle'...
Failed to fetch data for pendle
Not enough data for Pendle
Processing Jito (JTO) as CoinGecko id 'jito-governance-token'...
Failed to fetch data for jito-governance-token
Not enough data for Jito
No coins processed.
